#
# There is insufficient memory for the Java Runtime Environment to continue.
# Native memory allocation (malloc) failed to allocate 1014096 bytes for Chunk::new
# Possible reasons:
#   The system is out of physical RAM or swap space
#   The process is running with CompressedOops enabled, and the Java Heap may be blocking the growth of the native heap
# Possible solutions:
#   Reduce memory load on the system
#   Increase physical memory or swap space
#   Check if swap backing store is full
#   Decrease Java heap size (-Xmx/-Xms)
#   Decrease number of Java threads
#   Decrease Java thread stack sizes (-Xss)
#   Set larger code cache with -XX:ReservedCodeCacheSize=
#   JVM is running with Unscaled Compressed Oops mode in which the Java heap is
#     placed in the first 4GB address space. The Java Heap base address is the
#     maximum limit for the native heap growth. Please use -XX:HeapBaseMinAddress
#     to set the Java Heap base and to place the Java Heap above 4GB virtual address.
# This output file may be truncated or incomplete.
#
#  Out of Memory Error (./src/hotspot/share/memory/arena.cpp:197), pid=95368, tid=140544
#
# JRE version: OpenJDK Runtime Environment (11.0.13) (build 11.0.13+0-b1751.21-8125866)
# Java VM: OpenJDK 64-Bit Server VM (11.0.13+0-b1751.21-8125866, mixed mode, tiered, compressed oops, g1 gc, windows-amd64)
# No core dump will be written. Minidumps are not enabled by default on client versions of Windows
#

---------------  S U M M A R Y ------------

Command Line: --add-opens=java.base/java.util=ALL-UNNAMED --add-opens=java.base/java.lang=ALL-UNNAMED --add-opens=java.base/java.lang.invoke=ALL-UNNAMED --add-opens=java.base/java.util=ALL-UNNAMED --add-opens=java.prefs/java.util.prefs=ALL-UNNAMED --add-opens=java.prefs/java.util.prefs=ALL-UNNAMED --add-opens=java.base/java.nio.charset=ALL-UNNAMED --add-opens=java.base/java.net=ALL-UNNAMED --add-opens=java.base/java.util.concurrent.atomic=ALL-UNNAMED -Xmx2048m -Dfile.encoding=UTF-8 -Duser.country=US -Duser.language=en -Duser.variant org.gradle.launcher.daemon.bootstrap.GradleDaemon 7.4

Host: AMD Ryzen 5 5500U with Radeon Graphics         , 12 cores, 5G,  Windows 11 , 64 bit Build 22000 (10.0.22000.708)
Time: Tue Nov  8 17:31:37 2022 Malay Peninsula Standard Time elapsed time: 23.526008 seconds (0d 0h 0m 23s)

---------------  T H R E A D  ---------------

Current thread (0x000002193cdb0000):  JavaThread "C2 CompilerThread0" daemon [_thread_in_native, id=140544, stack(0x0000002760e00000,0x0000002760f00000)]


Current CompileTask:
C2:  23526 5406       4       java.lang.invoke.MethodType::makeImpl (108 bytes)

Stack: [0x0000002760e00000,0x0000002760f00000]
Native frames: (J=compiled Java code, j=interpreted, Vv=VM code, C=native code)
V  [jvm.dll+0x6100fa]
V  [jvm.dll+0x747090]
V  [jvm.dll+0x7486ad]
V  [jvm.dll+0x748d83]
V  [jvm.dll+0x24ab48]
V  [jvm.dll+0xc04dc]
V  [jvm.dll+0xc0a0c]
V  [jvm.dll+0x35eb5b]
V  [jvm.dll+0x32b833]
V  [jvm.dll+0x32ad2a]
V  [jvm.dll+0x2032b2]
V  [jvm.dll+0x202437]
V  [jvm.dll+0x188e01]
V  [jvm.dll+0x21106b]
V  [jvm.dll+0x20f8c1]
V  [jvm.dll+0x70de0f]
V  [jvm.dll+0x706a75]
V  [jvm.dll+0x60ed66]
C  [ucrtbase.dll+0x26c0c]
C  [KERNEL32.DLL+0x154e0]
C  [ntdll.dll+0x485b]


---------------  P R O C E S S  ---------------

Threads class SMR info:
_java_thread_list=0x000002194017f440, length=165, elements={
0x00000219224bd800, 0x000002193cd81000, 0x000002193cd8c800, 0x000002193d712800,
0x000002193cda3000, 0x000002193cda4000, 0x000002193cdb0000, 0x000002193cdb3800,
0x000002193cdb6800, 0x000002193d87c000, 0x000002193e9ec000, 0x000002193ea52800,
0x000002193e492800, 0x000002193f550800, 0x000002193f552000, 0x000002193e1b3800,
0x000002193f1b4000, 0x000002193f1b5800, 0x000002193f1fd800, 0x000002193eec6800,
0x000002193eec5000, 0x000002193eec5800, 0x000002193eec9000, 0x000002193eec9800,
0x000002193eec4000, 0x000002193eec7800, 0x000002193eec8000, 0x000002193eeca800,
0x0000021940dfd000, 0x0000021940e00800, 0x0000021940dfe000, 0x0000021940dff000,
0x0000021940dfa800, 0x0000021940dfc800, 0x0000021940e01800, 0x0000021940dfb800,
0x00000219409b6000, 0x00000219409b7000, 0x00000219409b3000, 0x00000219409b2000,
0x00000219409b4800, 0x00000219409b1000, 0x00000219409b7800, 0x00000219409b8800,
0x00000219409b9800, 0x00000219409b3800, 0x00000219409bb000, 0x00000219409ba000,
0x00000219409b5800, 0x00000219409bc000, 0x00000219409bc800, 0x00000219409c0000,
0x00000219409bd800, 0x00000219409be000, 0x00000219409bf000, 0x000002193f03e800,
0x000002193f043000, 0x000002193f043800, 0x000002193f03e000, 0x000002193f040800,
0x000002193f044800, 0x000002193f041000, 0x000002193f045800, 0x000002193f03f800,
0x000002193f046000, 0x000002193f047000, 0x000002193f047800, 0x000002193f042000,
0x000002193f04c800, 0x000002193f04a000, 0x000002193f048800, 0x000002193f04b000,
0x000002193f04c000, 0x000002193f049800, 0x000002193ec2b000, 0x000002193ec2a000,
0x000002193ec27000, 0x000002193ec27800, 0x000002193ec28800, 0x000002193ec25800,
0x000002193ec29800, 0x000002193ec2c000, 0x000002193ec26000, 0x000002193ec2f000,
0x000002193ec30800, 0x000002193ec2d800, 0x000002193ec2c800, 0x000002193ec2e000,
0x000002193ec30000, 0x000002193ec31800, 0x000002193ec32800, 0x000002193ec33000,
0x000002193ec34000, 0x00000219409fd800, 0x00000219409fb000, 0x00000219409f8800,
0x00000219409f9800, 0x00000219409fa000, 0x00000219409fc000, 0x00000219409fc800,
0x00000219409f7800, 0x00000219409ff000, 0x0000021940a03000, 0x0000021940a02800,
0x0000021940a04000, 0x00000219409fe000, 0x0000021940a04800, 0x0000021940a05800,
0x0000021940a00000, 0x0000021940a06800, 0x0000021940a00800, 0x0000021940a01800,
0x000002193e644800, 0x000002193e643800, 0x000002193e641800, 0x000002193e645800,
0x000002193e643000, 0x000002193e646000, 0x000002193e647000, 0x000002193e642000,
0x000002193e64c000, 0x000002193e648800, 0x000002193e649800, 0x000002193e64c800,
0x000002193e64a800, 0x000002193e64b000, 0x000002193e64d800, 0x000002193e648000,
0x000002193e64e800, 0x000002193e64f000, 0x000002193e650000, 0x000002193e75a800,
0x000002193e75c800, 0x000002193e75c000, 0x000002193e759800, 0x000002193e75b000,
0x000002193e757000, 0x000002193e75d800, 0x000002193e758000, 0x000002193e75e800,
0x000002193e758800, 0x000002193e761000, 0x000002193e761800, 0x000002193e760000,
0x000002193e762800, 0x000002193e764000, 0x000002193e763000, 0x000002193e765000,
0x000002193e75f000, 0x000002193e765800, 0x000002194016e800, 0x000002194016f800,
0x0000021940173800, 0x0000021940174000, 0x0000021940175000, 0x0000021940170000,
0x0000021940176000, 0x0000021940176800, 0x0000021940171000, 0x0000021940177800,
0x0000021940171800, 0x0000021940178000, 0x0000021940172800, 0x000002194017c800,
0x0000021940179000
}

Java Threads: ( => current thread )
  0x00000219224bd800 JavaThread "main" [_thread_blocked, id=136600, stack(0x0000002760200000,0x0000002760300000)]
  0x000002193cd81000 JavaThread "Reference Handler" daemon [_thread_blocked, id=147424, stack(0x0000002760900000,0x0000002760a00000)]
  0x000002193cd8c800 JavaThread "Finalizer" daemon [_thread_blocked, id=149244, stack(0x0000002760a00000,0x0000002760b00000)]
  0x000002193d712800 JavaThread "Signal Dispatcher" daemon [_thread_blocked, id=136340, stack(0x0000002760b00000,0x0000002760c00000)]
  0x000002193cda3000 JavaThread "Attach Listener" daemon [_thread_blocked, id=136108, stack(0x0000002760c00000,0x0000002760d00000)]
  0x000002193cda4000 JavaThread "Service Thread" daemon [_thread_blocked, id=147464, stack(0x0000002760d00000,0x0000002760e00000)]
=>0x000002193cdb0000 JavaThread "C2 CompilerThread0" daemon [_thread_in_native, id=140544, stack(0x0000002760e00000,0x0000002760f00000)]
  0x000002193cdb3800 JavaThread "C1 CompilerThread0" daemon [_thread_blocked, id=150220, stack(0x0000002760f00000,0x0000002761000000)]
  0x000002193cdb6800 JavaThread "Sweeper thread" daemon [_thread_blocked, id=149556, stack(0x0000002761000000,0x0000002761100000)]
  0x000002193d87c000 JavaThread "Common-Cleaner" daemon [_thread_blocked, id=149996, stack(0x0000002761100000,0x0000002761200000)]
  0x000002193e9ec000 JavaThread "Daemon health stats" [_thread_blocked, id=124060, stack(0x0000002761400000,0x0000002761500000)]
  0x000002193ea52800 JavaThread "Incoming local TCP Connector on port 49187" [_thread_in_native, id=127360, stack(0x0000002761500000,0x0000002761600000)]
  0x000002193e492800 JavaThread "Daemon periodic checks" [_thread_blocked, id=139592, stack(0x0000002761600000,0x0000002761700000)]
  0x000002193f550800 JavaThread "Daemon" [_thread_blocked, id=148660, stack(0x0000002761700000,0x0000002761800000)]
  0x000002193f552000 JavaThread "Handler for socket connection from /127.0.0.1:49187 to /127.0.0.1:49188" [_thread_in_native, id=116964, stack(0x0000002761800000,0x0000002761900000)]
  0x000002193e1b3800 JavaThread "Cancel handler" [_thread_blocked, id=151476, stack(0x0000002761900000,0x0000002761a00000)]
  0x000002193f1b4000 JavaThread "Daemon worker" [_thread_blocked, id=131172, stack(0x0000002761a00000,0x0000002761b00000)]
  0x000002193f1b5800 JavaThread "Asynchronous log dispatcher for DefaultDaemonConnection: socket connection from /127.0.0.1:49187 to /127.0.0.1:49188" [_thread_blocked, id=151288, stack(0x0000002761b00000,0x0000002761c00000)]
  0x000002193f1fd800 JavaThread "Stdin handler" [_thread_blocked, id=150764, stack(0x0000002761c00000,0x0000002761d00000)]
  0x000002193eec6800 JavaThread "Daemon client event forwarder" [_thread_blocked, id=150468, stack(0x0000002761d00000,0x0000002761e00000)]
  0x000002193eec5000 JavaThread "Cache worker for journal cache (C:\Users\putri\.gradle\caches\journal-1)" [_thread_blocked, id=143316, stack(0x0000002761e00000,0x0000002761f00000)]
  0x000002193eec5800 JavaThread "File lock request listener" [_thread_in_native, id=141324, stack(0x0000002761f00000,0x0000002762000000)]
  0x000002193eec9000 JavaThread "Cache worker for file hash cache (C:\Users\putri\.gradle\caches\7.4\fileHashes)" [_thread_blocked, id=151364, stack(0x0000002762800000,0x0000002762900000)]
  0x000002193eec9800 JavaThread "File watcher server" daemon [_thread_in_native, id=148168, stack(0x0000002762b00000,0x0000002762c00000)]
  0x000002193eec4000 JavaThread "File watcher consumer" daemon [_thread_blocked, id=146752, stack(0x0000002762c00000,0x0000002762d00000)]
  0x000002193eec7800 JavaThread "Cache worker for checksums cache (C:\Users\putri\AndroidStudioProjects\PercobaanMobile5f55121055\.gradle\7.4\checksums)" [_thread_blocked, id=144604, stack(0x0000002762d00000,0x0000002762e00000)]
  0x000002193eec8000 JavaThread "Cache worker for cache directory md-rule (C:\Users\putri\.gradle\caches\7.4\md-rule)" [_thread_blocked, id=143900, stack(0x0000002762e00000,0x0000002762f00000)]
  0x000002193eeca800 JavaThread "Cache worker for file hash cache (C:\Users\putri\AndroidStudioProjects\PercobaanMobile5f55121055\.gradle\7.4\fileHashes)" [_thread_blocked, id=133664, stack(0x0000002762f00000,0x0000002763000000)]
  0x0000021940dfd000 JavaThread "Cache worker for cache directory md-supplier (C:\Users\putri\.gradle\caches\7.4\md-supplier)" [_thread_blocked, id=150048, stack(0x0000002763000000,0x0000002763100000)]
  0x0000021940e00800 JavaThread "Cache worker for execution history cache (C:\Users\putri\.gradle\caches\7.4\executionHistory)" [_thread_blocked, id=150612, stack(0x0000002763100000,0x0000002763200000)]
  0x0000021940dfe000 JavaThread "jar transforms" [_thread_blocked, id=150476, stack(0x0000002763200000,0x0000002763300000)]
  0x0000021940dff000 JavaThread "Cache worker for file content cache (C:\Users\putri\.gradle\caches\7.4\fileContent)" [_thread_blocked, id=149620, stack(0x0000002763300000,0x0000002763400000)]
  0x0000021940dfa800 JavaThread "jar transforms Thread 2" [_thread_blocked, id=122332, stack(0x0000002763400000,0x0000002763500000)]
  0x0000021940dfc800 JavaThread "Cache worker for dependencies-accessors (C:\Users\putri\AndroidStudioProjects\PercobaanMobile5f55121055\.gradle\7.4\dependencies-accessors)" [_thread_blocked, id=147220, stack(0x0000002763500000,0x0000002763600000)]
  0x0000021940e01800 JavaThread "jar transforms Thread 3" [_thread_blocked, id=149004, stack(0x0000002763600000,0x0000002763700000)]
  0x0000021940dfb800 JavaThread "Cache worker for Build Output Cleanup Cache (C:\Users\putri\AndroidStudioProjects\PercobaanMobile5f55121055\.gradle\buildOutputCleanup)" [_thread_blocked, id=129792, stack(0x0000002763700000,0x0000002763800000)]
  0x00000219409b6000 JavaThread "Unconstrained build operations" [_thread_blocked, id=149396, stack(0x0000002763800000,0x0000002763900000)]
  0x00000219409b7000 JavaThread "Unconstrained build operations Thread 2" [_thread_blocked, id=135988, stack(0x0000002763900000,0x0000002763a00000)]
  0x00000219409b3000 JavaThread "Unconstrained build operations Thread 3" [_thread_blocked, id=146404, stack(0x0000002763a00000,0x0000002763b00000)]
  0x00000219409b2000 JavaThread "Unconstrained build operations Thread 4" [_thread_blocked, id=146292, stack(0x0000002763b00000,0x0000002763c00000)]
  0x00000219409b4800 JavaThread "Unconstrained build operations Thread 5" [_thread_blocked, id=145068, stack(0x0000002763c00000,0x0000002763d00000)]
  0x00000219409b1000 JavaThread "Unconstrained build operations Thread 6" [_thread_blocked, id=124568, stack(0x0000002763d00000,0x0000002763e00000)]
  0x00000219409b7800 JavaThread "Unconstrained build operations Thread 7" [_thread_blocked, id=144984, stack(0x0000002763e00000,0x0000002763f00000)]
  0x00000219409b8800 JavaThread "Unconstrained build operations Thread 8" [_thread_blocked, id=135552, stack(0x0000002763f00000,0x0000002764000000)]
  0x00000219409b9800 JavaThread "Unconstrained build operations Thread 9" [_thread_blocked, id=150916, stack(0x0000002764000000,0x0000002764100000)]
  0x00000219409b3800 JavaThread "Unconstrained build operations Thread 10" [_thread_blocked, id=136052, stack(0x0000002764100000,0x0000002764200000)]
  0x00000219409bb000 JavaThread "Unconstrained build operations Thread 11" [_thread_blocked, id=136316, stack(0x0000002764200000,0x0000002764300000)]
  0x00000219409ba000 JavaThread "Unconstrained build operations Thread 12" [_thread_blocked, id=151064, stack(0x0000002764300000,0x0000002764400000)]
  0x00000219409b5800 JavaThread "Unconstrained build operations Thread 13" [_thread_blocked, id=135704, stack(0x0000002764400000,0x0000002764500000)]
  0x00000219409bc000 JavaThread "Unconstrained build operations Thread 14" [_thread_blocked, id=141352, stack(0x0000002764500000,0x0000002764600000)]
  0x00000219409bc800 JavaThread "Unconstrained build operations Thread 15" [_thread_blocked, id=149392, stack(0x0000002764600000,0x0000002764700000)]
  0x00000219409c0000 JavaThread "Unconstrained build operations Thread 16" [_thread_blocked, id=130040, stack(0x0000002764700000,0x0000002764800000)]
  0x00000219409bd800 JavaThread "Unconstrained build operations Thread 17" [_thread_blocked, id=145200, stack(0x0000002764800000,0x0000002764900000)]
  0x00000219409be000 JavaThread "Unconstrained build operations Thread 18" [_thread_blocked, id=149848, stack(0x0000002764900000,0x0000002764a00000)]
  0x00000219409bf000 JavaThread "Unconstrained build operations Thread 19" [_thread_blocked, id=132484, stack(0x0000002764a00000,0x0000002764b00000)]
  0x000002193f03e800 JavaThread "Unconstrained build operations Thread 20" [_thread_blocked, id=150672, stack(0x0000002764b00000,0x0000002764c00000)]
  0x000002193f043000 JavaThread "Unconstrained build operations Thread 21" [_thread_blocked, id=66672, stack(0x0000002764c00000,0x0000002764d00000)]
  0x000002193f043800 JavaThread "Unconstrained build operations Thread 22" [_thread_blocked, id=135336, stack(0x0000002764d00000,0x0000002764e00000)]
  0x000002193f03e000 JavaThread "Unconstrained build operations Thread 23" [_thread_blocked, id=149588, stack(0x0000002764e00000,0x0000002764f00000)]
  0x000002193f040800 JavaThread "Unconstrained build operations Thread 24" [_thread_blocked, id=135440, stack(0x0000002764f00000,0x0000002765000000)]
  0x000002193f044800 JavaThread "Unconstrained build operations Thread 25" [_thread_blocked, id=150324, stack(0x0000002765000000,0x0000002765100000)]
  0x000002193f041000 JavaThread "Unconstrained build operations Thread 26" [_thread_blocked, id=139188, stack(0x0000002765100000,0x0000002765200000)]
  0x000002193f045800 JavaThread "Unconstrained build operations Thread 27" [_thread_blocked, id=150192, stack(0x0000002765200000,0x0000002765300000)]
  0x000002193f03f800 JavaThread "Unconstrained build operations Thread 28" [_thread_blocked, id=77356, stack(0x0000002765300000,0x0000002765400000)]
  0x000002193f046000 JavaThread "Unconstrained build operations Thread 29" [_thread_blocked, id=137528, stack(0x0000002765400000,0x0000002765500000)]
  0x000002193f047000 JavaThread "Unconstrained build operations Thread 30" [_thread_blocked, id=148528, stack(0x0000002765500000,0x0000002765600000)]
  0x000002193f047800 JavaThread "Unconstrained build operations Thread 31" [_thread_blocked, id=123692, stack(0x0000002765600000,0x0000002765700000)]
  0x000002193f042000 JavaThread "Unconstrained build operations Thread 32" [_thread_blocked, id=147568, stack(0x0000002765700000,0x0000002765800000)]
  0x000002193f04c800 JavaThread "Unconstrained build operations Thread 33" [_thread_blocked, id=150376, stack(0x0000002765800000,0x0000002765900000)]
  0x000002193f04a000 JavaThread "Unconstrained build operations Thread 34" [_thread_blocked, id=149104, stack(0x0000002765900000,0x0000002765a00000)]
  0x000002193f048800 JavaThread "Unconstrained build operations Thread 35" [_thread_blocked, id=147816, stack(0x0000002765a00000,0x0000002765b00000)]
  0x000002193f04b000 JavaThread "Unconstrained build operations Thread 36" [_thread_blocked, id=147576, stack(0x0000002765b00000,0x0000002765c00000)]
  0x000002193f04c000 JavaThread "Unconstrained build operations Thread 37" [_thread_blocked, id=145560, stack(0x0000002765c00000,0x0000002765d00000)]
  0x000002193f049800 JavaThread "Unconstrained build operations Thread 38" [_thread_blocked, id=151140, stack(0x0000002765d00000,0x0000002765e00000)]
  0x000002193ec2b000 JavaThread "Unconstrained build operations Thread 39" [_thread_blocked, id=93500, stack(0x0000002765e00000,0x0000002765f00000)]
  0x000002193ec2a000 JavaThread "Unconstrained build operations Thread 40" [_thread_blocked, id=151524, stack(0x0000002765f00000,0x0000002766000000)]
  0x000002193ec27000 JavaThread "Unconstrained build operations Thread 41" [_thread_blocked, id=137608, stack(0x0000002766000000,0x0000002766100000)]
  0x000002193ec27800 JavaThread "Unconstrained build operations Thread 42" [_thread_blocked, id=150120, stack(0x0000002766100000,0x0000002766200000)]
  0x000002193ec28800 JavaThread "Unconstrained build operations Thread 43" [_thread_blocked, id=148388, stack(0x0000002766200000,0x0000002766300000)]
  0x000002193ec25800 JavaThread "Unconstrained build operations Thread 44" [_thread_blocked, id=137144, stack(0x0000002766300000,0x0000002766400000)]
  0x000002193ec29800 JavaThread "Unconstrained build operations Thread 45" [_thread_blocked, id=134944, stack(0x0000002766400000,0x0000002766500000)]
  0x000002193ec2c000 JavaThread "Unconstrained build operations Thread 46" [_thread_blocked, id=138392, stack(0x0000002766500000,0x0000002766600000)]
  0x000002193ec26000 JavaThread "Unconstrained build operations Thread 47" [_thread_blocked, id=150908, stack(0x0000002766600000,0x0000002766700000)]
  0x000002193ec2f000 JavaThread "Unconstrained build operations Thread 48" [_thread_blocked, id=148836, stack(0x0000002766700000,0x0000002766800000)]
  0x000002193ec30800 JavaThread "Unconstrained build operations Thread 49" [_thread_blocked, id=146564, stack(0x0000002766800000,0x0000002766900000)]
  0x000002193ec2d800 JavaThread "Unconstrained build operations Thread 50" [_thread_blocked, id=151196, stack(0x0000002766900000,0x0000002766a00000)]
  0x000002193ec2c800 JavaThread "Unconstrained build operations Thread 51" [_thread_blocked, id=142780, stack(0x0000002766a00000,0x0000002766b00000)]
  0x000002193ec2e000 JavaThread "Unconstrained build operations Thread 52" [_thread_blocked, id=145364, stack(0x0000002766b00000,0x0000002766c00000)]
  0x000002193ec30000 JavaThread "Unconstrained build operations Thread 53" [_thread_blocked, id=150096, stack(0x0000002766c00000,0x0000002766d00000)]
  0x000002193ec31800 JavaThread "Unconstrained build operations Thread 54" [_thread_blocked, id=149516, stack(0x0000002766d00000,0x0000002766e00000)]
  0x000002193ec32800 JavaThread "Unconstrained build operations Thread 55" [_thread_blocked, id=150824, stack(0x0000002766e00000,0x0000002766f00000)]
  0x000002193ec33000 JavaThread "Unconstrained build operations Thread 56" [_thread_blocked, id=149744, stack(0x0000002766f00000,0x0000002767000000)]
  0x000002193ec34000 JavaThread "Unconstrained build operations Thread 57" [_thread_blocked, id=133260, stack(0x0000002767000000,0x0000002767100000)]
  0x00000219409fd800 JavaThread "Unconstrained build operations Thread 58" [_thread_blocked, id=149536, stack(0x0000002767100000,0x0000002767200000)]
  0x00000219409fb000 JavaThread "Unconstrained build operations Thread 59" [_thread_blocked, id=119772, stack(0x0000002767200000,0x0000002767300000)]
  0x00000219409f8800 JavaThread "Unconstrained build operations Thread 60" [_thread_blocked, id=151132, stack(0x0000002767300000,0x0000002767400000)]
  0x00000219409f9800 JavaThread "Unconstrained build operations Thread 61" [_thread_blocked, id=148420, stack(0x0000002767400000,0x0000002767500000)]
  0x00000219409fa000 JavaThread "Unconstrained build operations Thread 62" [_thread_blocked, id=150236, stack(0x0000002767500000,0x0000002767600000)]
  0x00000219409fc000 JavaThread "Unconstrained build operations Thread 63" [_thread_blocked, id=146624, stack(0x0000002767600000,0x0000002767700000)]
  0x00000219409fc800 JavaThread "Unconstrained build operations Thread 64" [_thread_blocked, id=146680, stack(0x0000002767700000,0x0000002767800000)]
  0x00000219409f7800 JavaThread "Unconstrained build operations Thread 65" [_thread_blocked, id=123256, stack(0x0000002767800000,0x0000002767900000)]
  0x00000219409ff000 JavaThread "Unconstrained build operations Thread 66" [_thread_blocked, id=130468, stack(0x0000002767900000,0x0000002767a00000)]
  0x0000021940a03000 JavaThread "Unconstrained build operations Thread 67" [_thread_blocked, id=150740, stack(0x0000002767a00000,0x0000002767b00000)]
  0x0000021940a02800 JavaThread "Unconstrained build operations Thread 68" [_thread_blocked, id=147572, stack(0x0000002767b00000,0x0000002767c00000)]
  0x0000021940a04000 JavaThread "Unconstrained build operations Thread 69" [_thread_blocked, id=150996, stack(0x0000002767c00000,0x0000002767d00000)]
  0x00000219409fe000 JavaThread "Unconstrained build operations Thread 70" [_thread_blocked, id=124936, stack(0x0000002767d00000,0x0000002767e00000)]
  0x0000021940a04800 JavaThread "Unconstrained build operations Thread 71" [_thread_blocked, id=141648, stack(0x0000002767e00000,0x0000002767f00000)]
  0x0000021940a05800 JavaThread "Unconstrained build operations Thread 72" [_thread_blocked, id=151432, stack(0x0000002767f00000,0x0000002768000000)]
  0x0000021940a00000 JavaThread "Unconstrained build operations Thread 73" [_thread_blocked, id=148904, stack(0x0000002768000000,0x0000002768100000)]
  0x0000021940a06800 JavaThread "Unconstrained build operations Thread 74" [_thread_blocked, id=148712, stack(0x0000002768100000,0x0000002768200000)]
  0x0000021940a00800 JavaThread "Unconstrained build operations Thread 75" [_thread_blocked, id=136852, stack(0x0000002768200000,0x0000002768300000)]
  0x0000021940a01800 JavaThread "Unconstrained build operations Thread 76" [_thread_blocked, id=140592, stack(0x0000002768300000,0x0000002768400000)]
  0x000002193e644800 JavaThread "Unconstrained build operations Thread 77" [_thread_blocked, id=147556, stack(0x0000002768400000,0x0000002768500000)]
  0x000002193e643800 JavaThread "Unconstrained build operations Thread 78" [_thread_blocked, id=110416, stack(0x0000002768500000,0x0000002768600000)]
  0x000002193e641800 JavaThread "Unconstrained build operations Thread 79" [_thread_blocked, id=148608, stack(0x0000002768600000,0x0000002768700000)]
  0x000002193e645800 JavaThread "Unconstrained build operations Thread 80" [_thread_blocked, id=122860, stack(0x0000002768700000,0x0000002768800000)]
  0x000002193e643000 JavaThread "Unconstrained build operations Thread 81" [_thread_blocked, id=150204, stack(0x0000002768800000,0x0000002768900000)]
  0x000002193e646000 JavaThread "Unconstrained build operations Thread 82" [_thread_blocked, id=147980, stack(0x0000002768900000,0x0000002768a00000)]
  0x000002193e647000 JavaThread "Unconstrained build operations Thread 83" [_thread_blocked, id=148272, stack(0x0000002768a00000,0x0000002768b00000)]
  0x000002193e642000 JavaThread "Unconstrained build operations Thread 84" [_thread_blocked, id=123344, stack(0x0000002768b00000,0x0000002768c00000)]
  0x000002193e64c000 JavaThread "Unconstrained build operations Thread 85" [_thread_blocked, id=136000, stack(0x0000002768c00000,0x0000002768d00000)]
  0x000002193e648800 JavaThread "Unconstrained build operations Thread 86" [_thread_blocked, id=112376, stack(0x0000002768d00000,0x0000002768e00000)]
  0x000002193e649800 JavaThread "Unconstrained build operations Thread 87" [_thread_blocked, id=134060, stack(0x0000002768e00000,0x0000002768f00000)]
  0x000002193e64c800 JavaThread "Unconstrained build operations Thread 88" [_thread_blocked, id=143288, stack(0x0000002768f00000,0x0000002769000000)]
  0x000002193e64a800 JavaThread "Unconstrained build operations Thread 89" [_thread_blocked, id=138020, stack(0x0000002769000000,0x0000002769100000)]
  0x000002193e64b000 JavaThread "Unconstrained build operations Thread 90" [_thread_blocked, id=149680, stack(0x0000002769100000,0x0000002769200000)]
  0x000002193e64d800 JavaThread "Unconstrained build operations Thread 91" [_thread_blocked, id=151096, stack(0x0000002769200000,0x0000002769300000)]
  0x000002193e648000 JavaThread "Unconstrained build operations Thread 92" [_thread_blocked, id=150580, stack(0x0000002769300000,0x0000002769400000)]
  0x000002193e64e800 JavaThread "Unconstrained build operations Thread 93" [_thread_blocked, id=142220, stack(0x0000002769400000,0x0000002769500000)]
  0x000002193e64f000 JavaThread "Unconstrained build operations Thread 94" [_thread_blocked, id=150576, stack(0x0000002769500000,0x0000002769600000)]
  0x000002193e650000 JavaThread "Unconstrained build operations Thread 95" [_thread_blocked, id=151332, stack(0x0000002769600000,0x0000002769700000)]
  0x000002193e75a800 JavaThread "Unconstrained build operations Thread 96" [_thread_blocked, id=123940, stack(0x0000002769700000,0x0000002769800000)]
  0x000002193e75c800 JavaThread "Unconstrained build operations Thread 97" [_thread_blocked, id=136288, stack(0x0000002769800000,0x0000002769900000)]
  0x000002193e75c000 JavaThread "Unconstrained build operations Thread 98" [_thread_blocked, id=146520, stack(0x0000002769900000,0x0000002769a00000)]
  0x000002193e759800 JavaThread "Unconstrained build operations Thread 99" [_thread_blocked, id=149568, stack(0x0000002769a00000,0x0000002769b00000)]
  0x000002193e75b000 JavaThread "Unconstrained build operations Thread 100" [_thread_blocked, id=115132, stack(0x0000002769b00000,0x0000002769c00000)]
  0x000002193e757000 JavaThread "Unconstrained build operations Thread 101" [_thread_blocked, id=147460, stack(0x0000002769c00000,0x0000002769d00000)]
  0x000002193e75d800 JavaThread "Unconstrained build operations Thread 102" [_thread_blocked, id=151516, stack(0x0000002769d00000,0x0000002769e00000)]
  0x000002193e758000 JavaThread "Unconstrained build operations Thread 103" [_thread_blocked, id=150312, stack(0x0000002769e00000,0x0000002769f00000)]
  0x000002193e75e800 JavaThread "Unconstrained build operations Thread 104" [_thread_blocked, id=137664, stack(0x0000002769f00000,0x000000276a000000)]
  0x000002193e758800 JavaThread "Unconstrained build operations Thread 105" [_thread_blocked, id=150064, stack(0x000000276a000000,0x000000276a100000)]
  0x000002193e761000 JavaThread "Unconstrained build operations Thread 106" [_thread_blocked, id=150336, stack(0x000000276a100000,0x000000276a200000)]
  0x000002193e761800 JavaThread "Unconstrained build operations Thread 107" [_thread_blocked, id=148892, stack(0x000000276a200000,0x000000276a300000)]
  0x000002193e760000 JavaThread "Unconstrained build operations Thread 108" [_thread_blocked, id=111916, stack(0x000000276a300000,0x000000276a400000)]
  0x000002193e762800 JavaThread "Unconstrained build operations Thread 109" [_thread_blocked, id=151256, stack(0x000000276a400000,0x000000276a500000)]
  0x000002193e764000 JavaThread "Unconstrained build operations Thread 110" [_thread_blocked, id=137100, stack(0x000000276a500000,0x000000276a600000)]
  0x000002193e763000 JavaThread "Unconstrained build operations Thread 111" [_thread_blocked, id=119648, stack(0x000000276a600000,0x000000276a700000)]
  0x000002193e765000 JavaThread "Unconstrained build operations Thread 112" [_thread_blocked, id=147116, stack(0x000000276a700000,0x000000276a800000)]
  0x000002193e75f000 JavaThread "Unconstrained build operations Thread 113" [_thread_blocked, id=148160, stack(0x000000276a800000,0x000000276a900000)]
  0x000002193e765800 JavaThread "Unconstrained build operations Thread 114" [_thread_blocked, id=143960, stack(0x000000276a900000,0x000000276aa00000)]
  0x000002194016e800 JavaThread "Unconstrained build operations Thread 115" [_thread_blocked, id=149960, stack(0x000000276aa00000,0x000000276ab00000)]
  0x000002194016f800 JavaThread "Unconstrained build operations Thread 116" [_thread_blocked, id=139228, stack(0x000000276ab00000,0x000000276ac00000)]
  0x0000021940173800 JavaThread "Unconstrained build operations Thread 117" [_thread_blocked, id=139748, stack(0x000000276ac00000,0x000000276ad00000)]
  0x0000021940174000 JavaThread "Unconstrained build operations Thread 118" [_thread_blocked, id=131804, stack(0x000000276ad00000,0x000000276ae00000)]
  0x0000021940175000 JavaThread "Unconstrained build operations Thread 119" [_thread_blocked, id=145676, stack(0x000000276ae00000,0x000000276af00000)]
  0x0000021940170000 JavaThread "Unconstrained build operations Thread 120" [_thread_blocked, id=131636, stack(0x000000276af00000,0x000000276b000000)]
  0x0000021940176000 JavaThread "jar transforms Thread 4" [_thread_blocked, id=101396, stack(0x000000276b000000,0x000000276b100000)]
  0x0000021940176800 JavaThread "jar transforms Thread 5" [_thread_blocked, id=137196, stack(0x000000276b100000,0x000000276b200000)]
  0x0000021940171000 JavaThread "jar transforms Thread 6" [_thread_blocked, id=148600, stack(0x000000276b200000,0x000000276b300000)]
  0x0000021940177800 JavaThread "jar transforms Thread 7" [_thread_blocked, id=146788, stack(0x000000276b300000,0x000000276b400000)]
  0x0000021940171800 JavaThread "jar transforms Thread 8" [_thread_blocked, id=134152, stack(0x000000276b400000,0x000000276b500000)]
  0x0000021940178000 JavaThread "jar transforms Thread 9" [_thread_blocked, id=150224, stack(0x000000276b500000,0x000000276b600000)]
  0x0000021940172800 JavaThread "jar transforms Thread 10" [_thread_blocked, id=143376, stack(0x000000276b600000,0x000000276b700000)]
  0x000002194017c800 JavaThread "jar transforms Thread 11" [_thread_blocked, id=131540, stack(0x000000276b700000,0x000000276b800000)]
  0x0000021940179000 JavaThread "jar transforms Thread 12" [_thread_blocked, id=139740, stack(0x000000276b800000,0x000000276b900000)]

Other Threads:
  0x000002193cd7d800 VMThread "VM Thread" [stack: 0x0000002760800000,0x0000002760900000] [id=106196]
  0x000002193d8b1000 WatcherThread [stack: 0x0000002761200000,0x0000002761300000] [id=151504]
  0x00000219224d6000 GCTaskThread "GC Thread#0" [stack: 0x0000002760300000,0x0000002760400000] [id=148320]
  0x000002193e58d000 GCTaskThread "GC Thread#1" [stack: 0x0000002761300000,0x0000002761400000] [id=147748]
  0x000002193ef66800 GCTaskThread "GC Thread#2" [stack: 0x0000002762000000,0x0000002762100000] [id=144712]
  0x000002193f034800 GCTaskThread "GC Thread#3" [stack: 0x0000002762100000,0x0000002762200000] [id=150532]
  0x000002193f9de000 GCTaskThread "GC Thread#4" [stack: 0x0000002762200000,0x0000002762300000] [id=146424]
  0x000002193f9de800 GCTaskThread "GC Thread#5" [stack: 0x0000002762300000,0x0000002762400000] [id=141156]
  0x000002193f591000 GCTaskThread "GC Thread#6" [stack: 0x0000002762400000,0x0000002762500000] [id=150816]
  0x000002193f591800 GCTaskThread "GC Thread#7" [stack: 0x0000002762500000,0x0000002762600000] [id=150188]
  0x000002193f624800 GCTaskThread "GC Thread#8" [stack: 0x0000002762600000,0x0000002762700000] [id=144548]
  0x000002193f625800 GCTaskThread "GC Thread#9" [stack: 0x0000002762700000,0x0000002762800000] [id=137232]
  0x000002192250a000 ConcurrentGCThread "G1 Main Marker" [stack: 0x0000002760400000,0x0000002760500000] [id=95360]
  0x000002192250b000 ConcurrentGCThread "G1 Conc#0" [stack: 0x0000002760500000,0x0000002760600000] [id=128412]
  0x000002193eeae800 ConcurrentGCThread "G1 Conc#1" [stack: 0x0000002762900000,0x0000002762a00000] [id=62168]
  0x000002193fd55000 ConcurrentGCThread "G1 Conc#2" [stack: 0x0000002762a00000,0x0000002762b00000] [id=149832]
  0x000002192259b000 ConcurrentGCThread "G1 Refine#0" [stack: 0x0000002760600000,0x0000002760700000] [id=150436]
  0x000002192259e000 ConcurrentGCThread "G1 Young RemSet Sampling" [stack: 0x0000002760700000,0x0000002760800000] [id=146244]

Threads with active compile tasks:
C2 CompilerThread0  23596 5406       4       java.lang.invoke.MethodType::makeImpl (108 bytes)

VM state:at safepoint (normal execution)

VM Mutex/Monitor currently owned by a thread:  ([mutex/lock_event])
[0x00000219224ba590] Threads_lock - owner thread: 0x000002193cd7d800
[0x00000219224ba7d0] Compile_lock - owner thread: 0x000002193f1b4000

Heap address: 0x0000000080000000, size: 2048 MB, Compressed Oops mode: 32-bit
Narrow klass base: 0x0000000000000000, Narrow klass shift: 3
Compressed class space size: 1073741824 Address: 0x0000000100000000

Heap:
 garbage-first heap   total 96256K, used 66152K [0x0000000080000000, 0x0000000100000000)
  region size 1024K, 30 young (30720K), 5 survivors (5120K)
 Metaspace       used 52967K, capacity 54385K, committed 54608K, reserved 1097728K
  class space    used 6685K, capacity 7173K, committed 7296K, reserved 1048576K
Heap Regions: E=young(eden), S=young(survivor), O=old, HS=humongous(starts), HC=humongous(continues), CS=collection set, F=free, A=archive, TAMS=top-at-mark-start (previous, next)
|   0|0x0000000080000000, 0x0000000080100000, 0x0000000080100000|100%| O|  |TAMS 0x0000000080100000, 0x0000000080000000| Untracked 
|   1|0x0000000080100000, 0x0000000080200000, 0x0000000080200000|100%| O|  |TAMS 0x0000000080200000, 0x0000000080100000| Untracked 
|   2|0x0000000080200000, 0x0000000080300000, 0x0000000080300000|100%| O|  |TAMS 0x0000000080300000, 0x0000000080200000| Untracked 
|   3|0x0000000080300000, 0x0000000080400000, 0x0000000080400000|100%|HS|  |TAMS 0x0000000080400000, 0x0000000080300000| Complete 
|   4|0x0000000080400000, 0x0000000080500000, 0x0000000080500000|100%|HC|  |TAMS 0x0000000080500000, 0x0000000080400000| Complete 
|   5|0x0000000080500000, 0x0000000080600000, 0x0000000080600000|100%|HC|  |TAMS 0x0000000080600000, 0x0000000080500000| Complete 
|   6|0x0000000080600000, 0x0000000080700000, 0x0000000080700000|100%| O|  |TAMS 0x0000000080700000, 0x0000000080600000| Untracked 
|   7|0x0000000080700000, 0x0000000080800000, 0x0000000080800000|100%| O|  |TAMS 0x0000000080800000, 0x0000000080700000| Untracked 
|   8|0x0000000080800000, 0x0000000080900000, 0x0000000080900000|100%| O|  |TAMS 0x0000000080900000, 0x0000000080800000| Untracked 
|   9|0x0000000080900000, 0x0000000080a00000, 0x0000000080a00000|100%| O|  |TAMS 0x0000000080a00000, 0x0000000080900000| Untracked 
|  10|0x0000000080a00000, 0x0000000080b00000, 0x0000000080b00000|100%| O|  |TAMS 0x0000000080b00000, 0x0000000080a00000| Untracked 
|  11|0x0000000080b00000, 0x0000000080c00000, 0x0000000080c00000|100%| O|  |TAMS 0x0000000080c00000, 0x0000000080b00000| Untracked 
|  12|0x0000000080c00000, 0x0000000080d00000, 0x0000000080d00000|100%| O|  |TAMS 0x0000000080d00000, 0x0000000080c00000| Untracked 
|  13|0x0000000080d00000, 0x0000000080e00000, 0x0000000080e00000|100%| O|  |TAMS 0x0000000080e00000, 0x0000000080d00000| Untracked 
|  14|0x0000000080e00000, 0x0000000080f00000, 0x0000000080f00000|100%| O|  |TAMS 0x0000000080f00000, 0x0000000080e00000| Untracked 
|  15|0x0000000080f00000, 0x0000000081000000, 0x0000000081000000|100%| O|  |TAMS 0x0000000081000000, 0x0000000080f00000| Untracked 
|  16|0x0000000081000000, 0x0000000081100000, 0x0000000081100000|100%| O|  |TAMS 0x0000000081100000, 0x0000000081000000| Untracked 
|  17|0x0000000081100000, 0x0000000081200000, 0x0000000081200000|100%| O|  |TAMS 0x0000000081200000, 0x0000000081100000| Untracked 
|  18|0x0000000081200000, 0x0000000081300000, 0x0000000081300000|100%| O|  |TAMS 0x0000000081300000, 0x0000000081200000| Untracked 
|  19|0x0000000081300000, 0x0000000081400000, 0x0000000081400000|100%| O|  |TAMS 0x0000000081326400, 0x0000000081300000| Untracked 
|  20|0x0000000081400000, 0x0000000081500000, 0x0000000081500000|100%| O|  |TAMS 0x0000000081400000, 0x0000000081400000| Untracked 
|  21|0x0000000081500000, 0x0000000081600000, 0x0000000081600000|100%| O|  |TAMS 0x0000000081500000, 0x0000000081500000| Untracked 
|  22|0x0000000081600000, 0x0000000081700000, 0x0000000081700000|100%| O|  |TAMS 0x0000000081600000, 0x0000000081600000| Untracked 
|  23|0x0000000081700000, 0x0000000081800000, 0x0000000081800000|100%| O|  |TAMS 0x0000000081700000, 0x0000000081700000| Untracked 
|  24|0x0000000081800000, 0x0000000081900000, 0x0000000081900000|100%| O|  |TAMS 0x0000000081800000, 0x0000000081800000| Untracked 
|  25|0x0000000081900000, 0x0000000081a00000, 0x0000000081a00000|100%| O|  |TAMS 0x0000000081900000, 0x0000000081900000| Untracked 
|  26|0x0000000081a00000, 0x0000000081b00000, 0x0000000081b00000|100%| O|  |TAMS 0x0000000081a00000, 0x0000000081a00000| Untracked 
|  27|0x0000000081b00000, 0x0000000081c00000, 0x0000000081c00000|100%| O|  |TAMS 0x0000000081b00000, 0x0000000081b00000| Untracked 
|  28|0x0000000081c00000, 0x0000000081d00000, 0x0000000081d00000|100%| O|  |TAMS 0x0000000081c00000, 0x0000000081c00000| Untracked 
|  29|0x0000000081d00000, 0x0000000081e00000, 0x0000000081e00000|100%|HS|  |TAMS 0x0000000081d00000, 0x0000000081d00000| Complete 
|  30|0x0000000081e00000, 0x0000000081f00000, 0x0000000081f00000|100%|HS|  |TAMS 0x0000000081e00000, 0x0000000081e00000| Complete 
|  31|0x0000000081f00000, 0x0000000081f00000, 0x0000000082000000|  0%| F|  |TAMS 0x0000000081f00000, 0x0000000081f00000| Untracked 
|  32|0x0000000082000000, 0x0000000082100000, 0x0000000082100000|100%|HS|  |TAMS 0x0000000082000000, 0x0000000082000000| Complete 
|  33|0x0000000082100000, 0x0000000082200000, 0x0000000082200000|100%|HC|  |TAMS 0x0000000082100000, 0x0000000082100000| Complete 
|  34|0x0000000082200000, 0x0000000082300000, 0x0000000082300000|100%| O|  |TAMS 0x0000000082200000, 0x0000000082200000| Untracked 
|  35|0x0000000082300000, 0x0000000082400000, 0x0000000082400000|100%| O|  |TAMS 0x0000000082300000, 0x0000000082300000| Untracked 
|  36|0x0000000082400000, 0x0000000082500000, 0x0000000082500000|100%| O|  |TAMS 0x0000000082400000, 0x0000000082400000| Untracked 
|  37|0x0000000082500000, 0x000000008259a200, 0x0000000082600000| 60%| O|  |TAMS 0x0000000082500000, 0x0000000082500000| Untracked 
|  38|0x0000000082600000, 0x0000000082600000, 0x0000000082700000|  0%| F|  |TAMS 0x0000000082600000, 0x0000000082600000| Untracked 
|  39|0x0000000082700000, 0x0000000082700000, 0x0000000082800000|  0%| F|  |TAMS 0x0000000082700000, 0x0000000082700000| Untracked 
|  40|0x0000000082800000, 0x0000000082800000, 0x0000000082900000|  0%| F|  |TAMS 0x0000000082800000, 0x0000000082800000| Untracked 
|  41|0x0000000082900000, 0x0000000082900000, 0x0000000082a00000|  0%| F|  |TAMS 0x0000000082900000, 0x0000000082900000| Untracked 
|  42|0x0000000082a00000, 0x0000000082a00000, 0x0000000082b00000|  0%| F|  |TAMS 0x0000000082a00000, 0x0000000082a00000| Untracked 
|  43|0x0000000082b00000, 0x0000000082b00000, 0x0000000082c00000|  0%| F|  |TAMS 0x0000000082b00000, 0x0000000082b00000| Untracked 
|  44|0x0000000082c00000, 0x0000000082c00000, 0x0000000082d00000|  0%| F|  |TAMS 0x0000000082c00000, 0x0000000082c00000| Untracked 
|  45|0x0000000082d00000, 0x0000000082d00000, 0x0000000082e00000|  0%| F|  |TAMS 0x0000000082d00000, 0x0000000082d00000| Untracked 
|  46|0x0000000082e00000, 0x0000000082e00000, 0x0000000082f00000|  0%| F|  |TAMS 0x0000000082e00000, 0x0000000082e00000| Untracked 
|  47|0x0000000082f00000, 0x0000000082f00000, 0x0000000083000000|  0%| F|  |TAMS 0x0000000082f00000, 0x0000000082f00000| Untracked 
|  48|0x0000000083000000, 0x0000000083000000, 0x0000000083100000|  0%| F|  |TAMS 0x0000000083000000, 0x0000000083000000| Untracked 
|  49|0x0000000083100000, 0x0000000083200000, 0x0000000083200000|100%| S|CS|TAMS 0x0000000083100000, 0x0000000083100000| Complete 
|  50|0x0000000083200000, 0x0000000083300000, 0x0000000083300000|100%| S|CS|TAMS 0x0000000083200000, 0x0000000083200000| Complete 
|  51|0x0000000083300000, 0x0000000083300000, 0x0000000083400000|  0%| F|  |TAMS 0x0000000083300000, 0x0000000083300000| Untracked 
|  52|0x0000000083400000, 0x0000000083400000, 0x0000000083500000|  0%| F|  |TAMS 0x0000000083400000, 0x0000000083400000| Untracked 
|  53|0x0000000083500000, 0x0000000083500000, 0x0000000083600000|  0%| F|  |TAMS 0x0000000083500000, 0x0000000083500000| Untracked 
|  54|0x0000000083600000, 0x0000000083700000, 0x0000000083700000|100%| S|CS|TAMS 0x0000000083600000, 0x0000000083600000| Complete 
|  55|0x0000000083700000, 0x0000000083800000, 0x0000000083800000|100%| S|CS|TAMS 0x0000000083700000, 0x0000000083700000| Complete 
|  56|0x0000000083800000, 0x0000000083800000, 0x0000000083900000|  0%| F|  |TAMS 0x0000000083800000, 0x0000000083800000| Untracked 
|  57|0x0000000083900000, 0x0000000083a00000, 0x0000000083a00000|100%| S|CS|TAMS 0x0000000083900000, 0x0000000083900000| Complete 
|  58|0x0000000083a00000, 0x0000000083a00000, 0x0000000083b00000|  0%| F|  |TAMS 0x0000000083a00000, 0x0000000083a00000| Untracked 
|  59|0x0000000083b00000, 0x0000000083b00000, 0x0000000083c00000|  0%| F|  |TAMS 0x0000000083b00000, 0x0000000083b00000| Untracked 
|  60|0x0000000083c00000, 0x0000000083c00000, 0x0000000083d00000|  0%| F|  |TAMS 0x0000000083c00000, 0x0000000083c00000| Untracked 
|  61|0x0000000083d00000, 0x0000000083d00000, 0x0000000083e00000|  0%| F|  |TAMS 0x0000000083d00000, 0x0000000083d00000| Untracked 
|  62|0x0000000083e00000, 0x0000000083e00000, 0x0000000083f00000|  0%| F|  |TAMS 0x0000000083e00000, 0x0000000083e00000| Untracked 
|  63|0x0000000083f00000, 0x0000000083f00000, 0x0000000084000000|  0%| F|  |TAMS 0x0000000083f00000, 0x0000000083f00000| Untracked 
|  64|0x0000000084000000, 0x0000000084000000, 0x0000000084100000|  0%| F|  |TAMS 0x0000000084000000, 0x0000000084000000| Untracked 
|  65|0x0000000084100000, 0x0000000084100000, 0x0000000084200000|  0%| F|  |TAMS 0x0000000084100000, 0x0000000084100000| Untracked 
|  66|0x0000000084200000, 0x0000000084200000, 0x0000000084300000|  0%| F|  |TAMS 0x0000000084200000, 0x0000000084200000| Untracked 
|  67|0x0000000084300000, 0x0000000084300000, 0x0000000084400000|  0%| F|  |TAMS 0x0000000084300000, 0x0000000084300000| Untracked 
|  68|0x0000000084400000, 0x0000000084400000, 0x0000000084500000|  0%| F|  |TAMS 0x0000000084400000, 0x0000000084400000| Untracked 
|  69|0x0000000084500000, 0x00000000845f04a0, 0x0000000084600000| 93%| E|  |TAMS 0x0000000084500000, 0x0000000084500000| Complete 
|  70|0x0000000084600000, 0x0000000084700000, 0x0000000084700000|100%| E|CS|TAMS 0x0000000084600000, 0x0000000084600000| Complete 
|  71|0x0000000084700000, 0x0000000084800000, 0x0000000084800000|100%| E|CS|TAMS 0x0000000084700000, 0x0000000084700000| Complete 
|  72|0x0000000084800000, 0x0000000084900000, 0x0000000084900000|100%| E|CS|TAMS 0x0000000084800000, 0x0000000084800000| Complete 
|  73|0x0000000084900000, 0x0000000084a00000, 0x0000000084a00000|100%| E|CS|TAMS 0x0000000084900000, 0x0000000084900000| Complete 
|  74|0x0000000084a00000, 0x0000000084b00000, 0x0000000084b00000|100%| E|CS|TAMS 0x0000000084a00000, 0x0000000084a00000| Complete 
|  75|0x0000000084b00000, 0x0000000084c00000, 0x0000000084c00000|100%| E|CS|TAMS 0x0000000084b00000, 0x0000000084b00000| Complete 
|  76|0x0000000084c00000, 0x0000000084d00000, 0x0000000084d00000|100%| E|CS|TAMS 0x0000000084c00000, 0x0000000084c00000| Complete 
|  77|0x0000000084d00000, 0x0000000084e00000, 0x0000000084e00000|100%| E|CS|TAMS 0x0000000084d00000, 0x0000000084d00000| Complete 
|  78|0x0000000084e00000, 0x0000000084f00000, 0x0000000084f00000|100%| E|CS|TAMS 0x0000000084e00000, 0x0000000084e00000| Complete 
|  79|0x0000000084f00000, 0x0000000085000000, 0x0000000085000000|100%| E|CS|TAMS 0x0000000084f00000, 0x0000000084f00000| Complete 
|  80|0x0000000085000000, 0x0000000085100000, 0x0000000085100000|100%| E|CS|TAMS 0x0000000085000000, 0x0000000085000000| Complete 
|  81|0x0000000085100000, 0x0000000085200000, 0x0000000085200000|100%| E|CS|TAMS 0x0000000085100000, 0x0000000085100000| Complete 
|  82|0x0000000085200000, 0x0000000085300000, 0x0000000085300000|100%| E|CS|TAMS 0x0000000085200000, 0x0000000085200000| Complete 
|  83|0x0000000085300000, 0x0000000085400000, 0x0000000085400000|100%| E|CS|TAMS 0x0000000085300000, 0x0000000085300000| Complete 
|  84|0x0000000085400000, 0x0000000085500000, 0x0000000085500000|100%| E|CS|TAMS 0x0000000085400000, 0x0000000085400000| Complete 
|  85|0x0000000085500000, 0x0000000085600000, 0x0000000085600000|100%| E|CS|TAMS 0x0000000085500000, 0x0000000085500000| Complete 
|  86|0x0000000085600000, 0x0000000085700000, 0x0000000085700000|100%| E|CS|TAMS 0x0000000085600000, 0x0000000085600000| Complete 
|  87|0x0000000085700000, 0x0000000085800000, 0x0000000085800000|100%| E|CS|TAMS 0x0000000085700000, 0x0000000085700000| Complete 
|  88|0x0000000085800000, 0x0000000085900000, 0x0000000085900000|100%| E|CS|TAMS 0x0000000085800000, 0x0000000085800000| Complete 
|  89|0x0000000085900000, 0x0000000085a00000, 0x0000000085a00000|100%| E|CS|TAMS 0x0000000085900000, 0x0000000085900000| Complete 
|  90|0x0000000085a00000, 0x0000000085b00000, 0x0000000085b00000|100%| E|CS|TAMS 0x0000000085a00000, 0x0000000085a00000| Complete 
|  91|0x0000000085b00000, 0x0000000085c00000, 0x0000000085c00000|100%| E|  |TAMS 0x0000000085b00000, 0x0000000085b00000| Complete 
|  92|0x0000000085c00000, 0x0000000085d00000, 0x0000000085d00000|100%| E|CS|TAMS 0x0000000085c00000, 0x0000000085c00000| Complete 
|  93|0x0000000085d00000, 0x0000000085e00000, 0x0000000085e00000|100%| E|CS|TAMS 0x0000000085d00000, 0x0000000085d00000| Complete 

Card table byte_map: [0x0000021935930000,0x0000021935d30000] _byte_map_base: 0x0000021935530000

Marking Bits (Prev, Next): (CMBitMap*) 0x0000021922501088, (CMBitMap*) 0x00000219225010c0
 Prev Bits: [0x0000021936130000, 0x0000021938130000)
 Next Bits: [0x0000021938130000, 0x000002193a130000)

Polling page: 0x0000021920410000

Metaspace:

Usage:
  Non-class:     46.11 MB capacity,    45.20 MB ( 98%) used,   784.82 KB (  2%) free+waste,   144.81 KB ( <1%) overhead. 
      Class:      7.00 MB capacity,     6.53 MB ( 93%) used,   418.47 KB (  6%) free+waste,    68.94 KB ( <1%) overhead. 
       Both:     53.11 MB capacity,    51.73 MB ( 97%) used,     1.18 MB (  2%) free+waste,   213.75 KB ( <1%) overhead. 

Virtual space:
  Non-class space:       48.00 MB reserved,      46.20 MB ( 96%) committed 
      Class space:        1.00 GB reserved,       7.13 MB ( <1%) committed 
             Both:        1.05 GB reserved,      53.33 MB (  5%) committed 

Chunk freelists:
   Non-Class:  36.00 KB
       Class:  27.00 KB
        Both:  63.00 KB

MaxMetaspaceSize: 17179869184.00 GB
CompressedClassSpaceSize: 1.00 GB
Initial GC threshold: 20.80 MB
Current GC threshold: 59.09 MB
CDS: off

CodeHeap 'non-profiled nmethods': size=120000Kb used=2776Kb max_used=2776Kb free=117223Kb
 bounds [0x000002192dab0000, 0x000002192dd70000, 0x0000021934fe0000]
CodeHeap 'profiled nmethods': size=120000Kb used=11089Kb max_used=11089Kb free=108910Kb
 bounds [0x0000021926580000, 0x0000021927060000, 0x000002192dab0000]
CodeHeap 'non-nmethods': size=5760Kb used=2302Kb max_used=2332Kb free=3457Kb
 bounds [0x0000021925fe0000, 0x0000021926250000, 0x0000021926580000]
 total_blobs=6181 nmethods=5375 adapters=718
 compilation: enabled
              stopped_count=0, restarted_count=0
 full_count=0

Compilation events (20 events):
Event: 23.426 Thread 0x000002193cdb0000 5407       4       java.lang.invoke.MethodType$ConcurrentWeakInternSet::get (54 bytes)
Event: 23.428 Thread 0x000002193cdb3800 nmethod 5419 0x000002192704a090 code [0x000002192704a4a0, 0x000002192704bd98]
Event: 23.428 Thread 0x000002193cdb3800 5420       3       java.lang.invoke.ClassSpecializer$Factory$1Var::nextSlotIndex (24 bytes)
Event: 23.428 Thread 0x000002193cdb3800 nmethod 5420 0x000002192704c790 code [0x000002192704c960, 0x000002192704cbf8]
Event: 23.428 Thread 0x000002193cdb3800 5421       3       java.lang.invoke.ClassSpecializer::classBCName (33 bytes)
Event: 23.428 Thread 0x000002193cdb3800 nmethod 5421 0x000002192704cd10 code [0x000002192704cec0, 0x000002192704cfe8]
Event: 23.429 Thread 0x000002193cdb3800 5426       3       java.lang.invoke.DirectMethodHandle::preparedFieldLambdaForm (183 bytes)
Event: 23.429 Thread 0x000002193cdb3800 nmethod 5426 0x000002192704d090 code [0x000002192704d300, 0x000002192704da58]
Event: 23.429 Thread 0x000002193cdb3800 5429       3       java.util.ImmutableCollections$AbstractImmutableList::<init> (5 bytes)
Event: 23.430 Thread 0x000002193cdb3800 nmethod 5429 0x000002192704dd90 code [0x000002192704df60, 0x000002192704e178]
Event: 23.430 Thread 0x000002193cdb3800 5428       3       jdk.internal.org.objectweb.asm.ClassWriter::newConstItem (320 bytes)
Event: 23.432 Thread 0x000002193cdb3800 nmethod 5428 0x000002192704e290 code [0x000002192704e7e0, 0x00000219270516f8]
Event: 23.432 Thread 0x000002193cdb3800 5430       3       java.lang.invoke.ClassSpecializer$Factory$1Var::emitVarInstruction (73 bytes)
Event: 23.433 Thread 0x000002193cdb3800 nmethod 5430 0x0000021927052210 code [0x00000219270524c0, 0x0000021927052ff8]
Event: 23.433 Thread 0x000002193cdb3800 5431       3       java.lang.invoke.ClassSpecializer$Factory::typeLoadOp (90 bytes)
Event: 23.434 Thread 0x000002193cdb3800 nmethod 5431 0x0000021927053490 code [0x0000021927053700, 0x00000219270540f8]
Event: 23.448 Thread 0x000002193cdb3800 5435       3       java.nio.Buffer::discardMark (6 bytes)
Event: 23.451 Thread 0x000002193cdb3800 nmethod 5435 0x0000021927054410 code [0x00000219270545c0, 0x00000219270546b8]
Event: 23.464 Thread 0x000002193cdb0000 nmethod 5407 0x000002192dd63910 code [0x000002192dd63b80, 0x000002192dd65600]
Event: 23.464 Thread 0x000002193cdb0000 5406       4       java.lang.invoke.MethodType::makeImpl (108 bytes)

GC Heap History (20 events):
Event: 10.781 GC heap before
{Heap before GC invocations=5 (full 0):
 garbage-first heap   total 96256K, used 52215K [0x0000000080000000, 0x0000000100000000)
  region size 1024K, 37 young (37888K), 3 survivors (3072K)
 Metaspace       used 24151K, capacity 24665K, committed 24832K, reserved 1071104K
  class space    used 3065K, capacity 3253K, committed 3328K, reserved 1048576K
}
Event: 10.785 GC heap after
{Heap after GC invocations=6 (full 0):
 garbage-first heap   total 96256K, used 18668K [0x0000000080000000, 0x0000000100000000)
  region size 1024K, 2 young (2048K), 2 survivors (2048K)
 Metaspace       used 24151K, capacity 24665K, committed 24832K, reserved 1071104K
  class space    used 3065K, capacity 3253K, committed 3328K, reserved 1048576K
}
Event: 11.415 GC heap before
{Heap before GC invocations=6 (full 0):
 garbage-first heap   total 96256K, used 55532K [0x0000000080000000, 0x0000000100000000)
  region size 1024K, 38 young (38912K), 2 survivors (2048K)
 Metaspace       used 27871K, capacity 28461K, committed 28800K, reserved 1075200K
  class space    used 3634K, capacity 3844K, committed 3968K, reserved 1048576K
}
Event: 11.418 GC heap after
{Heap after GC invocations=7 (full 0):
 garbage-first heap   total 96256K, used 19751K [0x0000000080000000, 0x0000000100000000)
  region size 1024K, 3 young (3072K), 3 survivors (3072K)
 Metaspace       used 27871K, capacity 28461K, committed 28800K, reserved 1075200K
  class space    used 3634K, capacity 3844K, committed 3968K, reserved 1048576K
}
Event: 12.140 GC heap before
{Heap before GC invocations=7 (full 0):
 garbage-first heap   total 96256K, used 58663K [0x0000000080000000, 0x0000000100000000)
  region size 1024K, 41 young (41984K), 3 survivors (3072K)
 Metaspace       used 33381K, capacity 34196K, committed 34304K, reserved 1079296K
  class space    used 4300K, capacity 4584K, committed 4608K, reserved 1048576K
}
Event: 12.144 GC heap after
{Heap after GC invocations=8 (full 0):
 garbage-first heap   total 96256K, used 22076K [0x0000000080000000, 0x0000000100000000)
  region size 1024K, 5 young (5120K), 5 survivors (5120K)
 Metaspace       used 33381K, capacity 34196K, committed 34304K, reserved 1079296K
  class space    used 4300K, capacity 4584K, committed 4608K, reserved 1048576K
}
Event: 12.375 GC heap before
{Heap before GC invocations=8 (full 0):
 garbage-first heap   total 96256K, used 25148K [0x0000000080000000, 0x0000000100000000)
  region size 1024K, 9 young (9216K), 5 survivors (5120K)
 Metaspace       used 35137K, capacity 35923K, committed 36048K, reserved 1081344K
  class space    used 4501K, capacity 4801K, committed 4864K, reserved 1048576K
}
Event: 12.385 GC heap after
{Heap after GC invocations=9 (full 0):
 garbage-first heap   total 96256K, used 22930K [0x0000000080000000, 0x0000000100000000)
  region size 1024K, 4 young (4096K), 4 survivors (4096K)
 Metaspace       used 35137K, capacity 35923K, committed 36048K, reserved 1081344K
  class space    used 4501K, capacity 4801K, committed 4864K, reserved 1048576K
}
Event: 12.875 GC heap before
{Heap before GC invocations=10 (full 0):
 garbage-first heap   total 96256K, used 52626K [0x0000000080000000, 0x0000000100000000)
  region size 1024K, 34 young (34816K), 4 survivors (4096K)
 Metaspace       used 37619K, capacity 38538K, committed 38608K, reserved 1083392K
  class space    used 4791K, capacity 5114K, committed 5120K, reserved 1048576K
}
Event: 12.879 GC heap after
{Heap after GC invocations=11 (full 0):
 garbage-first heap   total 96256K, used 25651K [0x0000000080000000, 0x0000000100000000)
  region size 1024K, 4 young (4096K), 4 survivors (4096K)
 Metaspace       used 37619K, capacity 38538K, committed 38608K, reserved 1083392K
  class space    used 4791K, capacity 5114K, committed 5120K, reserved 1048576K
}
Event: 13.283 GC heap before
{Heap before GC invocations=11 (full 0):
 garbage-first heap   total 96256K, used 60467K [0x0000000080000000, 0x0000000100000000)
  region size 1024K, 35 young (35840K), 4 survivors (4096K)
 Metaspace       used 39815K, capacity 40730K, committed 40912K, reserved 1085440K
  class space    used 5029K, capacity 5373K, committed 5376K, reserved 1048576K
}
Event: 13.286 GC heap after
{Heap after GC invocations=12 (full 0):
 garbage-first heap   total 96256K, used 27640K [0x0000000080000000, 0x0000000100000000)
  region size 1024K, 5 young (5120K), 5 survivors (5120K)
 Metaspace       used 39815K, capacity 40730K, committed 40912K, reserved 1085440K
  class space    used 5029K, capacity 5373K, committed 5376K, reserved 1048576K
}
Event: 13.825 GC heap before
{Heap before GC invocations=12 (full 0):
 garbage-first heap   total 96256K, used 62456K [0x0000000080000000, 0x0000000100000000)
  region size 1024K, 38 young (38912K), 5 survivors (5120K)
 Metaspace       used 43706K, capacity 44674K, committed 44752K, reserved 1087488K
  class space    used 5476K, capacity 5870K, committed 5888K, reserved 1048576K
}
Event: 13.829 GC heap after
{Heap after GC invocations=13 (full 0):
 garbage-first heap   total 96256K, used 29101K [0x0000000080000000, 0x0000000100000000)
  region size 1024K, 4 young (4096K), 4 survivors (4096K)
 Metaspace       used 43706K, capacity 44674K, committed 44752K, reserved 1087488K
  class space    used 5476K, capacity 5870K, committed 5888K, reserved 1048576K
}
Event: 14.384 GC heap before
{Heap before GC invocations=13 (full 0):
 garbage-first heap   total 96256K, used 64941K [0x0000000080000000, 0x0000000100000000)
  region size 1024K, 39 young (39936K), 4 survivors (4096K)
 Metaspace       used 46175K, capacity 47321K, committed 47440K, reserved 1091584K
  class space    used 5849K, capacity 6263K, committed 6272K, reserved 1048576K
}
Event: 14.389 GC heap after
{Heap after GC invocations=14 (full 0):
 garbage-first heap   total 96256K, used 30538K [0x0000000080000000, 0x0000000100000000)
  region size 1024K, 3 young (3072K), 3 survivors (3072K)
 Metaspace       used 46175K, capacity 47321K, committed 47440K, reserved 1091584K
  class space    used 5849K, capacity 6263K, committed 6272K, reserved 1048576K
}
Event: 15.697 GC heap before
{Heap before GC invocations=14 (full 0):
 garbage-first heap   total 96256K, used 67402K [0x0000000080000000, 0x0000000100000000)
  region size 1024K, 39 young (39936K), 3 survivors (3072K)
 Metaspace       used 48217K, capacity 49511K, committed 49616K, reserved 1091584K
  class space    used 6116K, capacity 6567K, committed 6656K, reserved 1048576K
}
Event: 15.701 GC heap after
{Heap after GC invocations=15 (full 0):
 garbage-first heap   total 96256K, used 32221K [0x0000000080000000, 0x0000000100000000)
  region size 1024K, 4 young (4096K), 4 survivors (4096K)
 Metaspace       used 48217K, capacity 49511K, committed 49616K, reserved 1091584K
  class space    used 6116K, capacity 6567K, committed 6656K, reserved 1048576K
}
Event: 22.237 GC heap before
{Heap before GC invocations=15 (full 0):
 garbage-first heap   total 96256K, used 73181K [0x0000000080000000, 0x0000000100000000)
  region size 1024K, 40 young (40960K), 4 survivors (4096K)
 Metaspace       used 49644K, capacity 51029K, committed 51280K, reserved 1093632K
  class space    used 6269K, capacity 6737K, committed 6784K, reserved 1048576K
}
Event: 22.377 GC heap after
{Heap after GC invocations=16 (full 0):
 garbage-first heap   total 96256K, used 42600K [0x0000000080000000, 0x0000000100000000)
  region size 1024K, 5 young (5120K), 5 survivors (5120K)
 Metaspace       used 49644K, capacity 51029K, committed 51280K, reserved 1093632K
  class space    used 6269K, capacity 6737K, committed 6784K, reserved 1048576K
}

Deoptimization events (20 events):
Event: 23.117 Thread 0x000002193f1b4000 Uncommon trap: trap_request=0xffffff4d fr.pc=0x000002192dafb68c relative=0x00000000000004cc
Event: 23.117 Thread 0x000002193f1b4000 Uncommon trap: reason=unstable_if action=reinterpret pc=0x000002192dafb68c method=java.lang.String.substring(II)Ljava/lang/String; @ 31 c2
Event: 23.117 Thread 0x000002193f1b4000 DEOPT PACKING pc=0x000002192dafb68c sp=0x0000002761af5160
Event: 23.117 Thread 0x000002193f1b4000 DEOPT UNPACKING pc=0x000002192602a1af sp=0x0000002761af5118 mode 2
Event: 23.124 Thread 0x000002193f1b4000 Uncommon trap: trap_request=0xffffff4d fr.pc=0x000002192db692a0 relative=0x0000000000000080
Event: 23.124 Thread 0x000002193f1b4000 Uncommon trap: reason=unstable_if action=reinterpret pc=0x000002192db692a0 method=java.lang.CharacterDataLatin1.isWhitespace(I)Z @ 14 c2
Event: 23.124 Thread 0x000002193f1b4000 DEOPT PACKING pc=0x000002192db692a0 sp=0x0000002761af53f0
Event: 23.124 Thread 0x000002193f1b4000 DEOPT UNPACKING pc=0x000002192602a1af sp=0x0000002761af5360 mode 2
Event: 23.133 Thread 0x000002193f1b4000 Uncommon trap: trap_request=0xffffff4d fr.pc=0x000002192dd08338 relative=0x0000000000000478
Event: 23.133 Thread 0x000002193f1b4000 Uncommon trap: reason=unstable_if action=reinterpret pc=0x000002192dd08338 method=java.lang.String.substring(I)Ljava/lang/String; @ 43 c2
Event: 23.133 Thread 0x000002193f1b4000 DEOPT PACKING pc=0x000002192dd08338 sp=0x0000002761af5450
Event: 23.133 Thread 0x000002193f1b4000 DEOPT UNPACKING pc=0x000002192602a1af sp=0x0000002761af5428 mode 2
Event: 23.328 Thread 0x000002193f1b4000 Uncommon trap: trap_request=0xffffff4d fr.pc=0x000002192dcf0740 relative=0x0000000000000660
Event: 23.329 Thread 0x000002193f1b4000 Uncommon trap: reason=unstable_if action=reinterpret pc=0x000002192dcf0740 method=java.io.BufferedInputStream.read1([BII)I @ 22 c2
Event: 23.329 Thread 0x000002193f1b4000 DEOPT PACKING pc=0x000002192dcf0740 sp=0x0000002761af6f30
Event: 23.329 Thread 0x000002193f1b4000 DEOPT UNPACKING pc=0x000002192602a1af sp=0x0000002761af6e58 mode 2
Event: 23.330 Thread 0x000002193f1b4000 Uncommon trap: trap_request=0xffffff4d fr.pc=0x000002192dcf5024 relative=0x0000000000000164
Event: 23.330 Thread 0x000002193f1b4000 Uncommon trap: reason=unstable_if action=reinterpret pc=0x000002192dcf5024 method=java.io.BufferedInputStream.read1([BII)I @ 22 c2
Event: 23.330 Thread 0x000002193f1b4000 DEOPT PACKING pc=0x000002192dcf5024 sp=0x0000002761af6e90
Event: 23.330 Thread 0x000002193f1b4000 DEOPT UNPACKING pc=0x000002192602a1af sp=0x0000002761af6e48 mode 2

Classes redefined (0 events):
No events

Internal exceptions (20 events):
Event: 17.972 Thread 0x000002193f1b4000 Exception <a 'java/security/PrivilegedActionException'{0x00000000848688d8}> (0x00000000848688d8) thrown at [./src/hotspot/share/prims/jvm.cpp, line 1306]
Event: 18.542 Thread 0x000002193f1b4000 Exception <a 'java/security/PrivilegedActionException'{0x00000000846627b8}> (0x00000000846627b8) thrown at [./src/hotspot/share/prims/jvm.cpp, line 1306]
Event: 18.542 Thread 0x000002193f1b4000 Exception <a 'java/security/PrivilegedActionException'{0x0000000084663a78}> (0x0000000084663a78) thrown at [./src/hotspot/share/prims/jvm.cpp, line 1306]
Event: 18.543 Thread 0x000002193f1b4000 Exception <a 'java/security/PrivilegedActionException'{0x00000000846666a0}> (0x00000000846666a0) thrown at [./src/hotspot/share/prims/jvm.cpp, line 1306]
Event: 18.543 Thread 0x000002193f1b4000 Exception <a 'java/security/PrivilegedActionException'{0x0000000084667960}> (0x0000000084667960) thrown at [./src/hotspot/share/prims/jvm.cpp, line 1306]
Event: 18.543 Thread 0x000002193f1b4000 Exception <a 'java/security/PrivilegedActionException'{0x000000008466a640}> (0x000000008466a640) thrown at [./src/hotspot/share/prims/jvm.cpp, line 1306]
Event: 18.543 Thread 0x000002193f1b4000 Exception <a 'java/security/PrivilegedActionException'{0x000000008466b900}> (0x000000008466b900) thrown at [./src/hotspot/share/prims/jvm.cpp, line 1306]
Event: 18.543 Thread 0x000002193f1b4000 Exception <a 'java/security/PrivilegedActionException'{0x000000008466e530}> (0x000000008466e530) thrown at [./src/hotspot/share/prims/jvm.cpp, line 1306]
Event: 18.543 Thread 0x000002193f1b4000 Exception <a 'java/security/PrivilegedActionException'{0x000000008466f7f0}> (0x000000008466f7f0) thrown at [./src/hotspot/share/prims/jvm.cpp, line 1306]
Event: 18.543 Thread 0x000002193f1b4000 Exception <a 'java/security/PrivilegedActionException'{0x0000000084672470}> (0x0000000084672470) thrown at [./src/hotspot/share/prims/jvm.cpp, line 1306]
Event: 18.544 Thread 0x000002193f1b4000 Exception <a 'java/security/PrivilegedActionException'{0x0000000084673730}> (0x0000000084673730) thrown at [./src/hotspot/share/prims/jvm.cpp, line 1306]
Event: 18.544 Thread 0x000002193f1b4000 Exception <a 'java/security/PrivilegedActionException'{0x0000000084676410}> (0x0000000084676410) thrown at [./src/hotspot/share/prims/jvm.cpp, line 1306]
Event: 18.544 Thread 0x000002193f1b4000 Exception <a 'java/security/PrivilegedActionException'{0x00000000846776d0}> (0x00000000846776d0) thrown at [./src/hotspot/share/prims/jvm.cpp, line 1306]
Event: 21.212 Thread 0x000002193f1b4000 Exception <a 'java/lang/ClassNotFoundException'{0x0000000083e67ad8}: org/gradle/api/internal/plugins/DefaultObjectConfigurationActionBeanInfo> (0x0000000083e67ad8) thrown at [./src/hotspot/share/classfile/systemDictionary.cpp, line 231]
Event: 21.267 Thread 0x000002193f1b4000 Exception <a 'java/lang/ClassNotFoundException'{0x0000000083e9d590}: org/gradle/api/internal/plugins/DefaultObjectConfigurationActionCustomizer> (0x0000000083e9d590) thrown at [./src/hotspot/share/classfile/systemDictionary.cpp, line 231]
Event: 22.926 Thread 0x000002193f1b4000 Exception <a 'java/lang/NoSuchMethodError'{0x0000000085716bf0}: 'java.lang.Object java.lang.invoke.DirectMethodHandle$Holder.invokeStatic(java.lang.Object, java.lang.Object, java.lang.Object, java.lang.Object, int)'> (0x0000000085716bf0) thrown at [./src/hotspot/share/interpreter/linkResolver.cpp, line 773]
Event: 22.928 Thread 0x000002193f1b4000 Exception <a 'java/lang/NoSuchMethodError'{0x000000008571b5e8}: 'java.lang.Object java.lang.invoke.DirectMethodHandle$Holder.invokeSpecial(java.lang.Object, java.lang.Object, java.lang.Object, java.lang.Object, java.lang.Object, int)'> (0x000000008571b5e8) thrown at [./src/hotspot/share/interpreter/linkResolver.cpp, line 773]
Event: 22.929 Thread 0x000002193f1b4000 Exception <a 'java/lang/NoSuchMethodError'{0x000000008571fc28}: 'java.lang.Object java.lang.invoke.Invokers$Holder.linkToTargetMethod(java.lang.Object, java.lang.Object, java.lang.Object, int, java.lang.Object)'> (0x000000008571fc28) thrown at [./src/hotspot/share/interpreter/linkResolver.cpp, line 773]
Event: 23.418 Thread 0x000002193f1b4000 Exception <a 'java/lang/NoSuchMethodError'{0x0000000084930c08}: 'java.lang.Object java.lang.invoke.DirectMethodHandle$Holder.invokeSpecial(java.lang.Object, java.lang.Object, int, int, java.lang.Object, java.lang.Object, java.lang.Object)'> (0x0000000084930c08) thrown at [./src/hotspot/share/interpreter/linkResolver.cpp, line 773]
Event: 23.419 Thread 0x000002193f1b4000 Exception <a 'java/lang/NoSuchMethodError'{0x0000000084935188}: 'java.lang.Object java.lang.invoke.DelegatingMethodHandle$Holder.reinvoke_L(java.lang.Object, int, int, java.lang.Object, java.lang.Object, java.lang.Object)'> (0x0000000084935188) thrown at [./src/hotspot/share/interpreter/linkResolver.cpp, line 773]

Events (20 events):
Event: 23.489 loading class org/apache/xerces/xs/XSObject
Event: 23.489 loading class org/apache/xerces/xs/XSObject done
Event: 23.492 loading class org/apache/xerces/xni/parser/XMLErrorHandler
Event: 23.492 loading class org/apache/xerces/xni/parser/XMLErrorHandler done
Event: 23.493 loading class org/apache/xerces/xni/parser/XMLEntityResolver
Event: 23.493 loading class org/apache/xerces/xni/parser/XMLEntityResolver done
Event: 23.495 loading class org/xml/sax/EntityResolver
Event: 23.495 loading class org/xml/sax/EntityResolver done
Event: 23.495 loading class org/apache/xerces/xni/parser/XMLParseException
Event: 23.495 loading class org/apache/xerces/xni/parser/XMLParseException done
Event: 23.496 loading class org/xml/sax/Locator
Event: 23.496 loading class org/xml/sax/Locator done
Event: 23.496 loading class org/xml/sax/SAXParseException
Event: 23.497 loading class org/xml/sax/SAXParseException done
Event: 23.498 loading class org/apache/xerces/parsers/ObjectFactory
Event: 23.498 loading class org/apache/xerces/parsers/ObjectFactory done
Event: 23.500 loading class org/apache/xerces/parsers/ObjectFactory$ConfigurationError
Event: 23.500 loading class org/apache/xerces/parsers/ObjectFactory$ConfigurationError done
Event: 23.501 loading class org/apache/xerces/parsers/SecuritySupport
Event: 23.501 loading class org/apache/xerces/parsers/SecuritySupport done


Dynamic libraries:
0x00007ff71a110000 - 0x00007ff71a11a000 	C:\Program Files\Android\Android Studio\jre\bin\java.exe
0x00007ffbad980000 - 0x00007ffbadb89000 	C:\Windows\SYSTEM32\ntdll.dll
0x00007ffbac780000 - 0x00007ffbac83d000 	C:\Windows\System32\KERNEL32.DLL
0x00007ffbaae50000 - 0x00007ffbab1cb000 	C:\Windows\System32\KERNELBASE.dll
0x00007ffbab390000 - 0x00007ffbab4a1000 	C:\Windows\System32\ucrtbase.dll
0x00007ffb61780000 - 0x00007ffb61799000 	C:\Program Files\Android\Android Studio\jre\bin\jli.dll
0x00007ffb588f0000 - 0x00007ffb58907000 	C:\Program Files\Android\Android Studio\jre\bin\VCRUNTIME140.dll
0x00007ffbab8e0000 - 0x00007ffbaba8d000 	C:\Windows\System32\USER32.dll
0x00007ffbab4b0000 - 0x00007ffbab4d6000 	C:\Windows\System32\win32u.dll
0x00007ffb90a50000 - 0x00007ffb90cf5000 	C:\Windows\WinSxS\amd64_microsoft.windows.common-controls_6595b64144ccf1df_6.0.22000.120_none_9d947278b86cc467\COMCTL32.dll
0x00007ffbad450000 - 0x00007ffbad479000 	C:\Windows\System32\GDI32.dll
0x00007ffbab1d0000 - 0x00007ffbab2e8000 	C:\Windows\System32\gdi32full.dll
0x00007ffbaba90000 - 0x00007ffbabb33000 	C:\Windows\System32\msvcrt.dll
0x00007ffbab2f0000 - 0x00007ffbab38d000 	C:\Windows\System32\msvcp_win.dll
0x00007ffbad7e0000 - 0x00007ffbad811000 	C:\Windows\System32\IMM32.DLL
0x00007ffb3a300000 - 0x00007ffb3a39d000 	C:\Program Files\Android\Android Studio\jre\bin\msvcp140.dll
0x00007ffb0fb10000 - 0x00007ffb10612000 	C:\Program Files\Android\Android Studio\jre\bin\server\jvm.dll
0x00007ffbabf10000 - 0x00007ffbabfbe000 	C:\Windows\System32\ADVAPI32.dll
0x00007ffbad480000 - 0x00007ffbad51e000 	C:\Windows\System32\sechost.dll
0x00007ffbad6c0000 - 0x00007ffbad7e0000 	C:\Windows\System32\RPCRT4.dll
0x00007ffbacea0000 - 0x00007ffbacea8000 	C:\Windows\System32\PSAPI.DLL
0x00007ffba2310000 - 0x00007ffba231a000 	C:\Windows\SYSTEM32\VERSION.dll
0x00007ffba5550000 - 0x00007ffba5583000 	C:\Windows\SYSTEM32\WINMM.dll
0x00007ffba5d80000 - 0x00007ffba5d89000 	C:\Windows\SYSTEM32\WSOCK32.dll
0x00007ffbad060000 - 0x00007ffbad0cf000 	C:\Windows\System32\WS2_32.dll
0x00007ffba9ed0000 - 0x00007ffba9ee8000 	C:\Windows\SYSTEM32\kernel.appcore.dll
0x00007ffb97040000 - 0x00007ffb97051000 	C:\Program Files\Android\Android Studio\jre\bin\verify.dll
0x00007ffba8a20000 - 0x00007ffba8c41000 	C:\Windows\SYSTEM32\DBGHELP.DLL
0x00007ffb9a910000 - 0x00007ffb9a941000 	C:\Windows\SYSTEM32\dbgcore.DLL
0x00007ffbab780000 - 0x00007ffbab7ff000 	C:\Windows\System32\bcryptPrimitives.dll
0x00007ffb85500000 - 0x00007ffb85529000 	C:\Program Files\Android\Android Studio\jre\bin\java.dll
0x00007ffba70a0000 - 0x00007ffba70ab000 	C:\Program Files\Android\Android Studio\jre\bin\jimage.dll
0x00007ffb8d550000 - 0x00007ffb8d568000 	C:\Program Files\Android\Android Studio\jre\bin\zip.dll
0x00007ffbabfc0000 - 0x00007ffbac778000 	C:\Windows\System32\SHELL32.dll
0x00007ffba8f40000 - 0x00007ffba97a5000 	C:\Windows\SYSTEM32\windows.storage.dll
0x00007ffbad0d0000 - 0x00007ffbad447000 	C:\Windows\System32\combase.dll
0x00007ffba8dd0000 - 0x00007ffba8f36000 	C:\Windows\SYSTEM32\wintypes.dll
0x00007ffbabbb0000 - 0x00007ffbabc9a000 	C:\Windows\System32\SHCORE.dll
0x00007ffbac840000 - 0x00007ffbac89d000 	C:\Windows\System32\shlwapi.dll
0x00007ffbaad80000 - 0x00007ffbaada1000 	C:\Windows\SYSTEM32\profapi.dll
0x00007ffb8ae50000 - 0x00007ffb8ae6a000 	C:\Program Files\Android\Android Studio\jre\bin\net.dll
0x00007ffba5440000 - 0x00007ffba554c000 	C:\Windows\SYSTEM32\WINHTTP.dll
0x00007ffbaa370000 - 0x00007ffbaa3d7000 	C:\Windows\system32\mswsock.dll
0x00007ffb8ad90000 - 0x00007ffb8ada4000 	C:\Program Files\Android\Android Studio\jre\bin\nio.dll
0x00007ffb567a0000 - 0x00007ffb567c7000 	C:\Users\putri\.gradle\native\e1d6ef7f7dcc3fd88c89a11ec53ec762bb8ba0a96d01ffa2cd45eb1d1d8dd5c5\windows-amd64\native-platform.dll
0x00007ffb2e760000 - 0x00007ffb2e8a4000 	C:\Users\putri\.gradle\native\0d407fdbe67a94daf76414ababcb853783967236a71b16ec16e742cd7a986fd3\windows-amd64\native-platform-file-events.dll
0x00007ffb9a840000 - 0x00007ffb9a84a000 	C:\Program Files\Android\Android Studio\jre\bin\management.dll
0x00007ffb95dd0000 - 0x00007ffb95ddd000 	C:\Program Files\Android\Android Studio\jre\bin\management_ext.dll
0x00007ffbaa5b0000 - 0x00007ffbaa5c8000 	C:\Windows\SYSTEM32\CRYPTSP.dll
0x00007ffba9e30000 - 0x00007ffba9e65000 	C:\Windows\system32\rsaenh.dll
0x00007ffbaa460000 - 0x00007ffbaa489000 	C:\Windows\SYSTEM32\USERENV.dll
0x00007ffbaa740000 - 0x00007ffbaa767000 	C:\Windows\SYSTEM32\bcrypt.dll
0x00007ffbaa5d0000 - 0x00007ffbaa5dc000 	C:\Windows\SYSTEM32\CRYPTBASE.dll
0x00007ffba9a00000 - 0x00007ffba9a2d000 	C:\Windows\SYSTEM32\IPHLPAPI.DLL
0x00007ffbad050000 - 0x00007ffbad059000 	C:\Windows\System32\NSI.dll
0x00007ffba5220000 - 0x00007ffba5239000 	C:\Windows\SYSTEM32\dhcpcsvc6.DLL
0x00007ffba5ae0000 - 0x00007ffba5afe000 	C:\Windows\SYSTEM32\dhcpcsvc.DLL
0x00007ffba9a70000 - 0x00007ffba9b58000 	C:\Windows\SYSTEM32\DNSAPI.dll

dbghelp: loaded successfully - version: 4.0.5 - missing functions: none
symbol engine: initialized successfully - sym options: 0x614 - pdb path: .;C:\Program Files\Android\Android Studio\jre\bin;C:\Windows\SYSTEM32;C:\Windows\WinSxS\amd64_microsoft.windows.common-controls_6595b64144ccf1df_6.0.22000.120_none_9d947278b86cc467;C:\Program Files\Android\Android Studio\jre\bin\server;C:\Users\putri\.gradle\native\e1d6ef7f7dcc3fd88c89a11ec53ec762bb8ba0a96d01ffa2cd45eb1d1d8dd5c5\windows-amd64;C:\Users\putri\.gradle\native\0d407fdbe67a94daf76414ababcb853783967236a71b16ec16e742cd7a986fd3\windows-amd64

VM Arguments:
jvm_args: --add-opens=java.base/java.util=ALL-UNNAMED --add-opens=java.base/java.lang=ALL-UNNAMED --add-opens=java.base/java.lang.invoke=ALL-UNNAMED --add-opens=java.base/java.util=ALL-UNNAMED --add-opens=java.prefs/java.util.prefs=ALL-UNNAMED --add-opens=java.prefs/java.util.prefs=ALL-UNNAMED --add-opens=java.base/java.nio.charset=ALL-UNNAMED --add-opens=java.base/java.net=ALL-UNNAMED --add-opens=java.base/java.util.concurrent.atomic=ALL-UNNAMED -Xmx2048m -Dfile.encoding=UTF-8 -Duser.country=US -Duser.language=en -Duser.variant 
java_command: org.gradle.launcher.daemon.bootstrap.GradleDaemon 7.4
java_class_path (initial): C:\Users\putri\.gradle\wrapper\dists\gradle-7.4-bin\c0gwcg53nkjbqw7r0h0umtfvt\gradle-7.4\lib\gradle-launcher-7.4.jar
Launcher Type: SUN_STANDARD

[Global flags]
     intx CICompilerCount                          = 4                                         {product} {ergonomic}
     uint ConcGCThreads                            = 3                                         {product} {ergonomic}
     uint G1ConcRefinementThreads                  = 10                                        {product} {ergonomic}
   size_t G1HeapRegionSize                         = 1048576                                   {product} {ergonomic}
    uintx GCDrainStackTargetSize                   = 64                                        {product} {ergonomic}
   size_t InitialHeapSize                          = 98566144                                  {product} {ergonomic}
   size_t MarkStackSize                            = 4194304                                   {product} {ergonomic}
   size_t MaxHeapSize                              = 2147483648                                {product} {command line}
   size_t MaxNewSize                               = 1287651328                                {product} {ergonomic}
   size_t MinHeapDeltaBytes                        = 1048576                                   {product} {ergonomic}
    uintx NonNMethodCodeHeapSize                   = 5836300                                {pd product} {ergonomic}
    uintx NonProfiledCodeHeapSize                  = 122910970                              {pd product} {ergonomic}
    uintx ProfiledCodeHeapSize                     = 122910970                              {pd product} {ergonomic}
    uintx ReservedCodeCacheSize                    = 251658240                              {pd product} {ergonomic}
     bool SegmentedCodeCache                       = true                                      {product} {ergonomic}
     bool UseCompressedClassPointers               = true                                 {lp64_product} {ergonomic}
     bool UseCompressedOops                        = true                                 {lp64_product} {ergonomic}
     bool UseG1GC                                  = true                                      {product} {ergonomic}
     bool UseLargePagesIndividualAllocation        = false                                  {pd product} {ergonomic}

Logging:
Log output configuration:
 #0: stdout all=warning uptime,level,tags
 #1: stderr all=off uptime,level,tags

Environment Variables:
PATH=C:\Windows\system32;C:\Windows;C:\Windows\System32\Wbem;C:\Windows\System32\WindowsPowerShell\v1.0\;C:\Windows\System32\OpenSSH\;C:\Program Files\Git\cmd;C:\Program Files (x86)\\FastReport VCL Trial\Bin;C:\Program Files (x86)\\FastReport VCL Trial\Bin;C:\Users\Public\Documents\RAD Studio\7.0\Bpl;C:\Users\putri\AppData\Local\Programs\Python\Python310\Scripts\;C:\Users\putri\AppData\Local\Programs\Python\Python310\;C:\Users\putri\AppData\Local\Programs\Python\Launcher\;C:\Users\putri\AppData\Local\Microsoft\WindowsApps;C:\Users\putri\AppData\Local\Programs\Microsoft VS Code\bin;C:\Program Files\JetBrains\PyCharm Community Edition 2021.2.2\bin;
USERNAME=putri matake
OS=Windows_NT
PROCESSOR_IDENTIFIER=AMD64 Family 23 Model 104 Stepping 1, AuthenticAMD



---------------  S Y S T E M  ---------------

OS: Windows 11 , 64 bit Build 22000 (10.0.22000.708)
OS uptime: 13 days 0:59 hours

CPU:total 12 (initial active 12) (12 cores per cpu, 2 threads per core) family 23 model 104 stepping 1 microcode 0x0, cmov, cx8, fxsr, mmx, sse, sse2, sse3, ssse3, sse4.1, sse4.2, popcnt, avx, avx2, aes, clmul, mmxext, 3dnowpref, lzcnt, sse4a, ht, tsc, tscinvbit, tscinv, bmi1, bmi2, adx, sha, fma

Memory: 4k page, system-wide physical 6005M (38M free)
TotalPageFile size 24437M (AvailPageFile size 0M)
current process WorkingSet (physical memory assigned to process): 178M, peak: 217M
current process commit charge ("private bytes"): 303M, peak: 304M

vm_info: OpenJDK 64-Bit Server VM (11.0.13+0-b1751.21-8125866) for windows-amd64 JRE (11.0.13+0-b1751.21-8125866), built on Feb  2 2022 03:00:22 by "builder" with MS VC++ 14.0 (VS2015)

END.
